mode: set
orders-service/docs/docs.go:256.13,258.2 1 0
orders-service/cmd/api/main.go:39.13,40.49 1 0
orders-service/cmd/api/main.go:40.49,43.3 2 0
orders-service/cmd/api/main.go:45.2,45.13 1 0
orders-service/cmd/api/main.go:48.22,54.16 5 0
orders-service/cmd/api/main.go:54.16,56.3 1 0
orders-service/cmd/api/main.go:57.2,59.51 2 0
orders-service/cmd/api/main.go:59.51,61.3 1 0
orders-service/cmd/api/main.go:62.2,62.51 1 0
orders-service/cmd/api/main.go:65.18,67.16 2 0
orders-service/cmd/api/main.go:67.16,69.3 1 0
orders-service/cmd/api/main.go:70.2,94.12 14 0
orders-service/cmd/api/main.go:94.12,99.90 5 0
orders-service/cmd/api/main.go:99.90,101.4 1 0
orders-service/cmd/api/main.go:104.2,113.53 7 0
orders-service/cmd/api/main.go:113.53,115.3 1 0
orders-service/cmd/api/main.go:117.2,117.49 1 0
orders-service/internal/application/di/wire_gen.go:26.60,31.16 5 0
orders-service/internal/application/di/wire_gen.go:31.16,33.3 1 0
orders-service/internal/application/di/wire_gen.go:34.2,39.16 6 0
orders-service/internal/application/di/wire_gen.go:39.16,41.3 1 0
orders-service/internal/application/di/wire_gen.go:42.2,52.29 11 0
orders-service/internal/application/di/wire_gen.go:52.29,54.3 1 0
orders-service/internal/application/di/wire_gen.go:59.33,61.2 1 0
orders-service/internal/application/di/wire_gen.go:63.67,71.2 1 0
orders-service/internal/application/di/wire_gen.go:73.61,79.2 1 0
orders-service/internal/application/di/wire_gen.go:81.80,86.64 2 0
orders-service/internal/application/di/wire_gen.go:86.64,88.3 1 0
orders-service/internal/application/di/wire_gen.go:90.2,90.20 1 0
orders-service/internal/application/di/wire_gen.go:90.20,92.3 1 0
orders-service/internal/application/di/wire_gen.go:94.2,94.29 1 0
orders-service/internal/application/di/wire_gen.go:100.26,102.16 2 0
orders-service/internal/application/di/wire_gen.go:102.16,103.13 1 0
orders-service/internal/application/di/wire_gen.go:105.2,105.18 1 0
orders-service/internal/application/di/wire_gen.go:111.25,113.16 2 0
orders-service/internal/application/di/wire_gen.go:113.16,114.13 1 0
orders-service/internal/application/di/wire_gen.go:116.2,116.18 1 0
orders-service/internal/application/di/wire_gen.go:135.16,144.2 1 0
orders-service/internal/domain/dto/sse_message.go:11.47,13.2 1 0
orders-service/internal/domain/dto/sse_message.go:15.49,19.2 3 0
orders-service/internal/infrastructure/brokers/kafka/inbox_processor.go:26.28,32.16 2 0
orders-service/internal/infrastructure/brokers/kafka/inbox_processor.go:32.16,34.3 1 0
orders-service/internal/infrastructure/brokers/kafka/inbox_processor.go:36.2,47.23 4 0
orders-service/internal/infrastructure/brokers/kafka/inbox_processor.go:50.118,52.2 1 0
orders-service/internal/infrastructure/brokers/kafka/inbox_processor.go:54.53,55.12 1 0
orders-service/internal/infrastructure/brokers/kafka/inbox_processor.go:55.12,56.47 1 0
orders-service/internal/infrastructure/brokers/kafka/inbox_processor.go:56.47,58.4 1 0
orders-service/internal/infrastructure/brokers/kafka/inbox_processor.go:61.2,63.12 2 0
orders-service/internal/infrastructure/brokers/kafka/inbox_processor.go:63.12,64.7 1 0
orders-service/internal/infrastructure/brokers/kafka/inbox_processor.go:64.7,65.11 1 0
orders-service/internal/infrastructure/brokers/kafka/inbox_processor.go:66.22,68.33 2 0
orders-service/internal/infrastructure/brokers/kafka/inbox_processor.go:69.18,70.11 1 0
orders-service/internal/infrastructure/brokers/kafka/inbox_processor.go:71.22,72.11 1 0
orders-service/internal/infrastructure/brokers/kafka/inbox_processor.go:78.33,79.21 1 0
orders-service/internal/infrastructure/brokers/kafka/inbox_processor.go:79.21,81.3 1 0
orders-service/internal/infrastructure/brokers/kafka/inbox_processor.go:82.2,82.15 1 0
orders-service/internal/infrastructure/brokers/kafka/inbox_processor.go:85.89,87.16 2 0
orders-service/internal/infrastructure/brokers/kafka/inbox_processor.go:87.16,90.3 2 0
orders-service/internal/infrastructure/brokers/kafka/inbox_processor.go:92.2,92.15 1 0
orders-service/internal/infrastructure/brokers/kafka/inbox_processor.go:92.15,95.3 2 0
orders-service/internal/infrastructure/brokers/kafka/inbox_processor.go:97.2,98.16 2 0
orders-service/internal/infrastructure/brokers/kafka/inbox_processor.go:98.16,101.3 2 0
orders-service/internal/infrastructure/brokers/kafka/inbox_processor.go:103.2,104.16 2 0
orders-service/internal/infrastructure/brokers/kafka/inbox_processor.go:104.16,107.3 2 0
orders-service/internal/infrastructure/brokers/kafka/inbox_processor.go:109.2,109.61 1 0
orders-service/internal/infrastructure/brokers/kafka/inbox_processor.go:109.61,112.3 2 0
orders-service/internal/infrastructure/brokers/kafka/inbox_processor.go:114.2,115.12 2 0
orders-service/internal/infrastructure/brokers/kafka/inbox_processor.go:118.70,120.16 2 0
orders-service/internal/infrastructure/brokers/kafka/inbox_processor.go:120.16,123.3 2 0
orders-service/internal/infrastructure/brokers/kafka/inbox_processor.go:125.2,125.35 1 0
orders-service/internal/infrastructure/brokers/kafka/inbox_processor.go:125.35,127.3 1 0
orders-service/internal/infrastructure/brokers/kafka/inbox_processor.go:130.69,132.16 2 0
orders-service/internal/infrastructure/brokers/kafka/inbox_processor.go:132.16,135.3 2 0
orders-service/internal/infrastructure/brokers/kafka/inbox_processor.go:137.2,137.35 1 0
orders-service/internal/infrastructure/brokers/kafka/inbox_processor.go:137.35,138.25 1 0
orders-service/internal/infrastructure/brokers/kafka/inbox_processor.go:138.25,140.4 1 0
orders-service/internal/infrastructure/brokers/kafka/inbox_processor.go:144.91,146.13 2 0
orders-service/internal/infrastructure/brokers/kafka/inbox_processor.go:146.13,150.3 3 0
orders-service/internal/infrastructure/brokers/kafka/inbox_processor.go:152.2,153.16 2 0
orders-service/internal/infrastructure/brokers/kafka/inbox_processor.go:153.16,156.3 2 0
orders-service/internal/infrastructure/brokers/kafka/inbox_processor.go:156.8,159.3 2 0
orders-service/internal/infrastructure/brokers/kafka/kafka.go:34.40,36.2 1 0
orders-service/internal/infrastructure/brokers/kafka/kafka.go:38.48,40.2 1 0
orders-service/internal/infrastructure/brokers/kafka/kafka.go:42.50,44.2 1 0
orders-service/internal/infrastructure/brokers/kafka/kafka.go:46.51,62.2 1 0
orders-service/internal/infrastructure/brokers/kafka/kafka.go:70.76,72.16 2 0
orders-service/internal/infrastructure/brokers/kafka/kafka.go:72.16,74.3 1 0
orders-service/internal/infrastructure/brokers/kafka/kafka.go:76.2,81.16 2 0
orders-service/internal/infrastructure/brokers/kafka/kafka.go:81.16,83.3 1 0
orders-service/internal/infrastructure/brokers/kafka/kafka.go:85.2,94.21 4 0
orders-service/internal/infrastructure/brokers/kafka/kafka.go:97.110,106.2 2 0
orders-service/internal/infrastructure/brokers/kafka/kafka.go:108.110,117.2 2 0
orders-service/internal/infrastructure/brokers/kafka/kafka.go:119.112,128.2 2 0
orders-service/internal/infrastructure/brokers/kafka/kafka.go:130.98,132.9 2 0
orders-service/internal/infrastructure/brokers/kafka/kafka.go:132.9,134.3 1 0
orders-service/internal/infrastructure/brokers/kafka/kafka.go:136.2,142.46 2 0
orders-service/internal/infrastructure/brokers/kafka/kafka.go:145.95,147.9 2 0
orders-service/internal/infrastructure/brokers/kafka/kafka.go:147.9,149.3 1 0
orders-service/internal/infrastructure/brokers/kafka/kafka.go:151.2,157.46 2 0
orders-service/internal/infrastructure/brokers/kafka/kafka.go:160.70,162.2 1 0
orders-service/internal/infrastructure/brokers/kafka/kafka.go:164.43,166.2 1 0
orders-service/internal/infrastructure/brokers/kafka/outbox_publisher.go:26.29,28.16 2 0
orders-service/internal/infrastructure/brokers/kafka/outbox_publisher.go:28.16,30.3 1 0
orders-service/internal/infrastructure/brokers/kafka/outbox_publisher.go:32.2,37.8 1 0
orders-service/internal/infrastructure/brokers/kafka/outbox_publisher.go:40.54,43.12 2 0
orders-service/internal/infrastructure/brokers/kafka/outbox_publisher.go:43.12,44.7 1 0
orders-service/internal/infrastructure/brokers/kafka/outbox_publisher.go:44.7,45.11 1 0
orders-service/internal/infrastructure/brokers/kafka/outbox_publisher.go:46.22,48.33 2 0
orders-service/internal/infrastructure/brokers/kafka/outbox_publisher.go:49.18,50.11 1 0
orders-service/internal/infrastructure/brokers/kafka/outbox_publisher.go:51.22,52.11 1 0
orders-service/internal/infrastructure/brokers/kafka/outbox_publisher.go:58.34,59.21 1 0
orders-service/internal/infrastructure/brokers/kafka/outbox_publisher.go:59.21,61.3 1 0
orders-service/internal/infrastructure/brokers/kafka/outbox_publisher.go:62.2,63.23 2 0
orders-service/internal/infrastructure/brokers/kafka/outbox_publisher.go:63.23,65.3 1 0
orders-service/internal/infrastructure/brokers/kafka/outbox_publisher.go:68.71,70.16 2 0
orders-service/internal/infrastructure/brokers/kafka/outbox_publisher.go:70.16,73.3 2 0
orders-service/internal/infrastructure/brokers/kafka/outbox_publisher.go:75.2,75.35 1 0
orders-service/internal/infrastructure/brokers/kafka/outbox_publisher.go:75.35,77.17 2 0
orders-service/internal/infrastructure/brokers/kafka/outbox_publisher.go:77.17,80.4 2 0
orders-service/internal/infrastructure/brokers/kafka/outbox_publisher.go:80.9,82.4 1 0
orders-service/internal/infrastructure/brokers/kafka/outbox_publisher.go:86.70,88.16 2 0
orders-service/internal/infrastructure/brokers/kafka/outbox_publisher.go:88.16,91.3 2 0
orders-service/internal/infrastructure/brokers/kafka/outbox_publisher.go:93.2,93.35 1 0
orders-service/internal/infrastructure/brokers/kafka/outbox_publisher.go:93.35,95.17 2 0
orders-service/internal/infrastructure/brokers/kafka/outbox_publisher.go:95.17,98.4 2 0
orders-service/internal/infrastructure/brokers/kafka/outbox_publisher.go:98.9,100.4 1 0
orders-service/internal/infrastructure/brokers/kafka/outbox_publisher.go:104.100,106.27 2 0
orders-service/internal/infrastructure/brokers/kafka/outbox_publisher.go:107.23,108.47 1 0
orders-service/internal/infrastructure/brokers/kafka/outbox_publisher.go:109.10,110.65 1 0
orders-service/internal/infrastructure/brokers/kafka/outbox_publisher.go:113.2,114.69 2 0
orders-service/internal/infrastructure/brokers/kafka/outbox_publisher.go:114.69,116.3 1 0
orders-service/internal/infrastructure/brokers/kafka/outbox_publisher.go:118.2,125.56 2 0
orders-service/internal/infrastructure/persistence/postgres/db.go:18.45,25.16 3 0
orders-service/internal/infrastructure/persistence/postgres/db.go:25.16,27.3 1 0
orders-service/internal/infrastructure/persistence/postgres/db.go:29.2,29.16 1 0
orders-service/internal/infrastructure/persistence/postgres/inbox_repository.go:16.64,18.2 1 0
orders-service/internal/infrastructure/persistence/postgres/inbox_repository.go:20.89,28.16 3 0
orders-service/internal/infrastructure/persistence/postgres/inbox_repository.go:28.16,30.3 1 0
orders-service/internal/infrastructure/persistence/postgres/inbox_repository.go:32.2,32.12 1 0
orders-service/internal/infrastructure/persistence/postgres/inbox_repository.go:35.107,43.16 3 0
orders-service/internal/infrastructure/persistence/postgres/inbox_repository.go:43.16,45.3 1 0
orders-service/internal/infrastructure/persistence/postgres/inbox_repository.go:47.2,47.12 1 0
orders-service/internal/infrastructure/persistence/postgres/inbox_repository.go:50.106,61.16 5 0
orders-service/internal/infrastructure/persistence/postgres/inbox_repository.go:61.16,62.27 1 0
orders-service/internal/infrastructure/persistence/postgres/inbox_repository.go:62.27,64.4 1 0
orders-service/internal/infrastructure/persistence/postgres/inbox_repository.go:65.3,65.77 1 0
orders-service/internal/infrastructure/persistence/postgres/inbox_repository.go:68.2,68.21 1 0
orders-service/internal/infrastructure/persistence/postgres/inbox_repository.go:71.109,80.16 3 0
orders-service/internal/infrastructure/persistence/postgres/inbox_repository.go:80.16,82.3 1 0
orders-service/internal/infrastructure/persistence/postgres/inbox_repository.go:83.2,86.18 3 0
orders-service/internal/infrastructure/persistence/postgres/inbox_repository.go:86.18,90.17 3 0
orders-service/internal/infrastructure/persistence/postgres/inbox_repository.go:90.17,92.4 1 0
orders-service/internal/infrastructure/persistence/postgres/inbox_repository.go:93.3,93.39 1 0
orders-service/internal/infrastructure/persistence/postgres/inbox_repository.go:96.2,96.22 1 0
orders-service/internal/infrastructure/persistence/postgres/inbox_repository.go:99.120,108.16 3 0
orders-service/internal/infrastructure/persistence/postgres/inbox_repository.go:108.16,110.3 1 0
orders-service/internal/infrastructure/persistence/postgres/inbox_repository.go:111.2,114.18 3 0
orders-service/internal/infrastructure/persistence/postgres/inbox_repository.go:114.18,118.17 3 0
orders-service/internal/infrastructure/persistence/postgres/inbox_repository.go:118.17,120.4 1 0
orders-service/internal/infrastructure/persistence/postgres/inbox_repository.go:121.3,121.39 1 0
orders-service/internal/infrastructure/persistence/postgres/inbox_repository.go:124.2,124.22 1 0
orders-service/internal/infrastructure/persistence/postgres/inbox_repository.go:127.81,134.16 3 0
orders-service/internal/infrastructure/persistence/postgres/inbox_repository.go:134.16,136.3 1 0
orders-service/internal/infrastructure/persistence/postgres/inbox_repository.go:138.2,139.16 2 0
orders-service/internal/infrastructure/persistence/postgres/inbox_repository.go:139.16,141.3 1 0
orders-service/internal/infrastructure/persistence/postgres/inbox_repository.go:143.2,143.23 1 0
orders-service/internal/infrastructure/persistence/postgres/inbox_repository.go:143.23,145.3 1 0
orders-service/internal/infrastructure/persistence/postgres/inbox_repository.go:147.2,147.12 1 0
orders-service/internal/infrastructure/persistence/postgres/inbox_repository.go:150.78,157.16 3 0
orders-service/internal/infrastructure/persistence/postgres/inbox_repository.go:157.16,159.3 1 0
orders-service/internal/infrastructure/persistence/postgres/inbox_repository.go:161.2,162.16 2 0
orders-service/internal/infrastructure/persistence/postgres/inbox_repository.go:162.16,164.3 1 0
orders-service/internal/infrastructure/persistence/postgres/inbox_repository.go:166.2,166.23 1 0
orders-service/internal/infrastructure/persistence/postgres/inbox_repository.go:166.23,168.3 1 0
orders-service/internal/infrastructure/persistence/postgres/inbox_repository.go:170.2,170.12 1 0
orders-service/internal/infrastructure/persistence/postgres/inbox_repository.go:173.95,181.16 4 0
orders-service/internal/infrastructure/persistence/postgres/inbox_repository.go:181.16,183.3 1 0
orders-service/internal/infrastructure/persistence/postgres/inbox_repository.go:185.2,185.23 1 0
orders-service/internal/infrastructure/persistence/postgres/migrations.go:17.38,21.16 3 0
orders-service/internal/infrastructure/persistence/postgres/migrations.go:21.16,23.3 1 0
orders-service/internal/infrastructure/persistence/postgres/migrations.go:25.2,26.32 2 0
orders-service/internal/infrastructure/persistence/postgres/migrations.go:26.32,28.3 1 0
orders-service/internal/infrastructure/persistence/postgres/migrations.go:30.2,31.16 2 0
orders-service/internal/infrastructure/persistence/postgres/migrations.go:31.16,33.3 1 0
orders-service/internal/infrastructure/persistence/postgres/migrations.go:35.2,36.16 2 0
orders-service/internal/infrastructure/persistence/postgres/migrations.go:36.16,38.3 1 0
orders-service/internal/infrastructure/persistence/postgres/migrations.go:40.2,41.16 2 0
orders-service/internal/infrastructure/persistence/postgres/migrations.go:41.16,43.3 1 0
orders-service/internal/infrastructure/persistence/postgres/migrations.go:45.2,46.61 2 0
orders-service/internal/infrastructure/persistence/postgres/migrations.go:46.61,48.3 1 0
orders-service/internal/infrastructure/persistence/postgres/migrations.go:50.2,51.12 2 0
orders-service/internal/infrastructure/persistence/postgres/migrations.go:54.47,56.16 2 0
orders-service/internal/infrastructure/persistence/postgres/migrations.go:56.16,58.3 1 0
orders-service/internal/infrastructure/persistence/postgres/migrations.go:60.2,61.16 2 0
orders-service/internal/infrastructure/persistence/postgres/migrations.go:61.16,63.3 1 0
orders-service/internal/infrastructure/persistence/postgres/migrations.go:65.2,66.16 2 0
orders-service/internal/infrastructure/persistence/postgres/migrations.go:66.16,68.3 1 0
orders-service/internal/infrastructure/persistence/postgres/migrations.go:70.2,70.40 1 0
orders-service/internal/infrastructure/persistence/postgres/migrations.go:70.40,72.3 1 0
orders-service/internal/infrastructure/persistence/postgres/migrations.go:74.2,74.12 1 0
orders-service/internal/infrastructure/persistence/postgres/orders_repository.go:16.66,18.2 1 0
orders-service/internal/infrastructure/persistence/postgres/orders_repository.go:20.82,38.16 3 0
orders-service/internal/infrastructure/persistence/postgres/orders_repository.go:38.16,40.3 1 0
orders-service/internal/infrastructure/persistence/postgres/orders_repository.go:42.2,42.12 1 0
orders-service/internal/infrastructure/persistence/postgres/orders_repository.go:45.100,63.16 3 0
orders-service/internal/infrastructure/persistence/postgres/orders_repository.go:63.16,65.3 1 0
orders-service/internal/infrastructure/persistence/postgres/orders_repository.go:67.2,67.12 1 0
orders-service/internal/infrastructure/persistence/postgres/orders_repository.go:70.96,92.16 5 0
orders-service/internal/infrastructure/persistence/postgres/orders_repository.go:92.16,93.27 1 0
orders-service/internal/infrastructure/persistence/postgres/orders_repository.go:93.27,95.4 1 0
orders-service/internal/infrastructure/persistence/postgres/orders_repository.go:96.3,96.63 1 0
orders-service/internal/infrastructure/persistence/postgres/orders_repository.go:99.2,99.20 1 0
orders-service/internal/infrastructure/persistence/postgres/orders_repository.go:102.101,111.16 3 0
orders-service/internal/infrastructure/persistence/postgres/orders_repository.go:111.16,113.3 1 0
orders-service/internal/infrastructure/persistence/postgres/orders_repository.go:114.2,118.18 3 0
orders-service/internal/infrastructure/persistence/postgres/orders_repository.go:118.18,131.17 3 0
orders-service/internal/infrastructure/persistence/postgres/orders_repository.go:131.17,133.4 1 0
orders-service/internal/infrastructure/persistence/postgres/orders_repository.go:135.3,135.42 1 0
orders-service/internal/infrastructure/persistence/postgres/orders_repository.go:138.2,138.31 1 0
orders-service/internal/infrastructure/persistence/postgres/orders_repository.go:141.83,155.16 3 0
orders-service/internal/infrastructure/persistence/postgres/orders_repository.go:155.16,157.3 1 0
orders-service/internal/infrastructure/persistence/postgres/orders_repository.go:159.2,160.16 2 0
orders-service/internal/infrastructure/persistence/postgres/orders_repository.go:160.16,162.3 1 0
orders-service/internal/infrastructure/persistence/postgres/orders_repository.go:164.2,164.23 1 0
orders-service/internal/infrastructure/persistence/postgres/orders_repository.go:164.23,166.3 1 0
orders-service/internal/infrastructure/persistence/postgres/orders_repository.go:168.2,168.12 1 0
orders-service/internal/infrastructure/persistence/postgres/orders_repository.go:171.101,185.16 3 0
orders-service/internal/infrastructure/persistence/postgres/orders_repository.go:185.16,187.3 1 0
orders-service/internal/infrastructure/persistence/postgres/orders_repository.go:189.2,190.16 2 0
orders-service/internal/infrastructure/persistence/postgres/orders_repository.go:190.16,192.3 1 0
orders-service/internal/infrastructure/persistence/postgres/orders_repository.go:194.2,194.23 1 0
orders-service/internal/infrastructure/persistence/postgres/orders_repository.go:194.23,196.3 1 0
orders-service/internal/infrastructure/persistence/postgres/orders_repository.go:198.2,198.12 1 0
orders-service/internal/infrastructure/persistence/postgres/orders_repository.go:201.99,209.16 3 0
orders-service/internal/infrastructure/persistence/postgres/orders_repository.go:209.16,211.3 1 0
orders-service/internal/infrastructure/persistence/postgres/orders_repository.go:213.2,214.16 2 0
orders-service/internal/infrastructure/persistence/postgres/orders_repository.go:214.16,216.3 1 0
orders-service/internal/infrastructure/persistence/postgres/orders_repository.go:218.2,218.23 1 0
orders-service/internal/infrastructure/persistence/postgres/orders_repository.go:218.23,220.3 1 0
orders-service/internal/infrastructure/persistence/postgres/orders_repository.go:222.2,222.12 1 0
orders-service/internal/infrastructure/persistence/postgres/outbox_repository.go:16.66,18.2 1 0
orders-service/internal/infrastructure/persistence/postgres/outbox_repository.go:20.111,38.16 3 0
orders-service/internal/infrastructure/persistence/postgres/outbox_repository.go:38.16,40.3 1 0
orders-service/internal/infrastructure/persistence/postgres/outbox_repository.go:42.2,42.12 1 0
orders-service/internal/infrastructure/persistence/postgres/outbox_repository.go:45.112,55.16 3 0
orders-service/internal/infrastructure/persistence/postgres/outbox_repository.go:55.16,57.3 1 0
orders-service/internal/infrastructure/persistence/postgres/outbox_repository.go:58.2,60.29 2 0
orders-service/internal/infrastructure/persistence/postgres/outbox_repository.go:63.84,71.16 3 0
orders-service/internal/infrastructure/persistence/postgres/outbox_repository.go:71.16,73.3 1 0
orders-service/internal/infrastructure/persistence/postgres/outbox_repository.go:75.2,76.16 2 0
orders-service/internal/infrastructure/persistence/postgres/outbox_repository.go:76.16,78.3 1 0
orders-service/internal/infrastructure/persistence/postgres/outbox_repository.go:80.2,80.23 1 0
orders-service/internal/infrastructure/persistence/postgres/outbox_repository.go:80.23,82.3 1 0
orders-service/internal/infrastructure/persistence/postgres/outbox_repository.go:84.2,84.12 1 0
orders-service/internal/infrastructure/persistence/postgres/outbox_repository.go:87.86,95.16 3 0
orders-service/internal/infrastructure/persistence/postgres/outbox_repository.go:95.16,97.3 1 0
orders-service/internal/infrastructure/persistence/postgres/outbox_repository.go:99.2,100.16 2 0
orders-service/internal/infrastructure/persistence/postgres/outbox_repository.go:100.16,102.3 1 0
orders-service/internal/infrastructure/persistence/postgres/outbox_repository.go:104.2,104.23 1 0
orders-service/internal/infrastructure/persistence/postgres/outbox_repository.go:104.23,106.3 1 0
orders-service/internal/infrastructure/persistence/postgres/outbox_repository.go:108.2,108.12 1 0
orders-service/internal/infrastructure/persistence/postgres/outbox_repository.go:111.127,121.16 3 0
orders-service/internal/infrastructure/persistence/postgres/outbox_repository.go:121.16,123.3 1 0
orders-service/internal/infrastructure/persistence/postgres/outbox_repository.go:124.2,126.29 2 0
orders-service/internal/infrastructure/persistence/postgres/outbox_repository.go:129.90,132.18 2 0
orders-service/internal/infrastructure/persistence/postgres/outbox_repository.go:132.18,148.17 5 0
orders-service/internal/infrastructure/persistence/postgres/outbox_repository.go:148.17,150.4 1 0
orders-service/internal/infrastructure/persistence/postgres/outbox_repository.go:152.3,153.19 2 0
orders-service/internal/infrastructure/persistence/postgres/outbox_repository.go:153.19,155.4 1 0
orders-service/internal/infrastructure/persistence/postgres/outbox_repository.go:157.3,157.40 1 0
orders-service/internal/infrastructure/persistence/postgres/outbox_repository.go:160.2,160.29 1 0
orders-service/internal/infrastructure/config/config.go:52.55,53.39 1 0
orders-service/internal/infrastructure/config/config.go:53.39,55.3 1 0
orders-service/internal/infrastructure/config/config.go:56.2,56.71 1 0
orders-service/internal/infrastructure/config/config.go:59.46,60.38 1 0
orders-service/internal/infrastructure/config/config.go:60.38,62.3 1 0
orders-service/internal/infrastructure/config/config.go:63.2,63.36 1 0
orders-service/internal/infrastructure/config/config.go:66.47,67.39 1 0
orders-service/internal/infrastructure/config/config.go:67.39,69.3 1 0
orders-service/internal/infrastructure/config/config.go:70.2,70.37 1 0
orders-service/internal/infrastructure/config/config.go:77.31,81.2 1 0
orders-service/internal/infrastructure/config/config.go:83.33,85.16 2 0
orders-service/internal/infrastructure/config/config.go:85.16,86.76 1 0
orders-service/internal/infrastructure/config/config.go:88.2,88.28 1 0
orders-service/internal/infrastructure/config/config.go:88.28,90.17 2 0
orders-service/internal/infrastructure/config/config.go:90.17,91.78 1 0
orders-service/internal/infrastructure/config/config.go:95.2,97.48 3 0
orders-service/internal/infrastructure/config/config.go:97.48,98.78 1 0
orders-service/internal/infrastructure/config/config.go:101.2,101.16 1 0
orders-service/internal/infrastructure/config/config.go:104.39,106.2 1 0
orders-service/internal/infrastructure/config/config.go:108.49,110.2 1 0
orders-service/internal/infrastructure/pubsub/redis/publisher.go:16.65,21.2 1 0
orders-service/internal/infrastructure/pubsub/redis/publisher.go:23.81,25.16 2 0
orders-service/internal/infrastructure/pubsub/redis/publisher.go:25.16,27.3 1 0
orders-service/internal/infrastructure/pubsub/redis/publisher.go:29.2,29.56 1 0
orders-service/internal/infrastructure/pubsub/redis/subscriber.go:18.67,23.2 1 0
orders-service/internal/infrastructure/pubsub/redis/subscriber.go:25.77,31.6 4 0
orders-service/internal/infrastructure/pubsub/redis/subscriber.go:31.6,32.10 1 0
orders-service/internal/infrastructure/pubsub/redis/subscriber.go:33.21,34.10 1 0
orders-service/internal/infrastructure/pubsub/redis/subscriber.go:35.20,37.18 2 0
orders-service/internal/infrastructure/pubsub/redis/subscriber.go:37.18,39.13 2 0
orders-service/internal/infrastructure/pubsub/redis/subscriber.go:41.4,41.19 1 0
orders-service/internal/infrastructure/sse/sse_manager.go:33.56,40.2 1 0
orders-service/internal/infrastructure/sse/sse_manager.go:43.63,47.35 3 0
orders-service/internal/infrastructure/sse/sse_manager.go:47.35,48.38 1 0
orders-service/internal/infrastructure/sse/sse_manager.go:48.38,49.11 1 0
orders-service/internal/infrastructure/sse/sse_manager.go:50.34,50.34 0 0
orders-service/internal/infrastructure/sse/sse_manager.go:51.35,52.84 1 0
orders-service/internal/infrastructure/sse/sse_manager.go:59.46,62.12 2 0
orders-service/internal/infrastructure/sse/sse_manager.go:62.12,63.7 1 0
orders-service/internal/infrastructure/sse/sse_manager.go:63.7,64.11 1 0
orders-service/internal/infrastructure/sse/sse_manager.go:65.32,69.83 4 0
orders-service/internal/infrastructure/sse/sse_manager.go:71.34,73.42 2 0
orders-service/internal/infrastructure/sse/sse_manager.go:73.42,77.6 3 0
orders-service/internal/infrastructure/sse/sse_manager.go:78.5,79.57 2 0
orders-service/internal/infrastructure/sse/sse_manager.go:81.22,83.38 2 0
orders-service/internal/infrastructure/sse/sse_manager.go:83.38,86.6 2 0
orders-service/internal/infrastructure/sse/sse_manager.go:87.5,90.11 4 0
orders-service/internal/infrastructure/sse/sse_manager.go:97.67,106.2 3 0
orders-service/internal/infrastructure/sse/sse_manager.go:109.52,111.2 1 0
orders-service/internal/infrastructure/sse/sse_manager.go:114.69,116.18 2 0
orders-service/internal/infrastructure/sse/sse_manager.go:116.18,119.3 2 0
orders-service/internal/infrastructure/sse/sse_manager.go:121.2,139.41 14 0
orders-service/internal/infrastructure/sse/sse_manager.go:139.41,141.3 1 0
orders-service/internal/infrastructure/sse/sse_manager.go:143.2,143.6 1 0
orders-service/internal/infrastructure/sse/sse_manager.go:143.6,144.10 1 0
orders-service/internal/infrastructure/sse/sse_manager.go:145.31,149.18 3 0
orders-service/internal/infrastructure/sse/sse_manager.go:149.18,151.13 2 0
orders-service/internal/infrastructure/sse/sse_manager.go:154.4,157.43 3 0
orders-service/internal/infrastructure/sse/sse_manager.go:157.43,159.5 1 0
orders-service/internal/infrastructure/sse/sse_manager.go:161.22,163.10 2 0
orders-service/internal/infrastructure/sse/sse_manager.go:165.29,167.10 2 0
orders-service/internal/application/service/orders_service.go:33.18,41.2 1 1
orders-service/internal/application/service/orders_service.go:43.86,49.66 2 1
orders-service/internal/application/service/orders_service.go:49.66,51.3 1 1
orders-service/internal/application/service/orders_service.go:54.96,56.16 2 1
orders-service/internal/application/service/orders_service.go:56.16,58.3 1 0
orders-service/internal/application/service/orders_service.go:60.2,61.16 2 1
orders-service/internal/application/service/orders_service.go:61.16,63.3 1 0
orders-service/internal/application/service/orders_service.go:65.2,66.16 2 1
orders-service/internal/application/service/orders_service.go:66.16,68.3 1 0
orders-service/internal/application/service/orders_service.go:70.2,70.15 1 1
orders-service/internal/application/service/orders_service.go:70.15,71.17 1 1
orders-service/internal/application/service/orders_service.go:71.17,73.4 1 0
orders-service/internal/application/service/orders_service.go:76.2,77.16 2 1
orders-service/internal/application/service/orders_service.go:77.16,79.3 1 0
orders-service/internal/application/service/orders_service.go:81.2,89.16 3 1
orders-service/internal/application/service/orders_service.go:89.16,91.3 1 0
orders-service/internal/application/service/orders_service.go:93.2,94.16 2 1
orders-service/internal/application/service/orders_service.go:94.16,96.3 1 0
orders-service/internal/application/service/orders_service.go:98.2,99.16 2 1
orders-service/internal/application/service/orders_service.go:99.16,101.3 1 0
orders-service/internal/application/service/orders_service.go:103.2,104.16 2 1
orders-service/internal/application/service/orders_service.go:104.16,106.3 1 0
orders-service/internal/application/service/orders_service.go:108.2,113.19 3 1
orders-service/internal/application/service/orders_service.go:116.94,118.2 1 0
orders-service/internal/application/service/orders_service.go:120.100,122.2 1 0
orders-service/internal/application/service/orders_service.go:124.101,126.2 1 0
orders-service/internal/application/service/orders_service.go:128.110,130.76 2 1
orders-service/internal/application/service/orders_service.go:130.76,132.3 1 0
orders-service/internal/application/service/orders_service.go:134.2,138.16 3 1
orders-service/internal/application/service/orders_service.go:138.16,140.3 1 0
orders-service/internal/application/service/orders_service.go:141.2,144.16 3 1
orders-service/internal/application/service/orders_service.go:144.16,146.3 1 0
orders-service/internal/application/service/orders_service.go:148.2,150.72 2 1
orders-service/internal/application/service/orders_service.go:150.72,152.3 1 0
orders-service/internal/application/service/orders_service.go:154.2,161.16 3 1
orders-service/internal/application/service/orders_service.go:161.16,163.3 1 0
orders-service/internal/application/service/orders_service.go:165.2,166.16 2 1
orders-service/internal/application/service/orders_service.go:166.16,168.3 1 0
orders-service/internal/application/service/orders_service.go:170.2,170.80 1 1
orders-service/internal/application/service/orders_service.go:170.80,172.3 1 0
orders-service/internal/application/service/orders_service.go:174.2,174.36 1 1
orders-service/internal/application/service/orders_service.go:174.36,176.3 1 0
orders-service/internal/application/service/orders_service.go:178.2,182.12 3 1
orders-service/internal/application/service/orders_service.go:185.107,187.76 2 1
orders-service/internal/application/service/orders_service.go:187.76,189.3 1 0
orders-service/internal/application/service/orders_service.go:191.2,195.16 3 1
orders-service/internal/application/service/orders_service.go:195.16,197.3 1 0
orders-service/internal/application/service/orders_service.go:198.2,201.16 3 1
orders-service/internal/application/service/orders_service.go:201.16,203.3 1 0
orders-service/internal/application/service/orders_service.go:205.2,207.72 2 1
orders-service/internal/application/service/orders_service.go:207.72,209.3 1 0
orders-service/internal/application/service/orders_service.go:211.2,218.16 3 1
orders-service/internal/application/service/orders_service.go:218.16,220.3 1 0
orders-service/internal/application/service/orders_service.go:222.2,223.16 2 1
orders-service/internal/application/service/orders_service.go:223.16,225.3 1 0
orders-service/internal/application/service/orders_service.go:227.2,227.80 1 1
orders-service/internal/application/service/orders_service.go:227.80,229.3 1 0
orders-service/internal/application/service/orders_service.go:231.2,231.36 1 1
orders-service/internal/application/service/orders_service.go:231.36,233.3 1 0
orders-service/internal/application/service/orders_service.go:235.2,239.12 3 1
orders-service/internal/domain/dto/sse_message.go:11.47,13.2 1 1
orders-service/internal/domain/dto/sse_message.go:15.49,19.2 3 0
orders-service/internal/infrastructure/pubsub/redis/publisher.go:16.65,21.2 1 1
orders-service/internal/infrastructure/pubsub/redis/publisher.go:23.81,25.16 2 1
orders-service/internal/infrastructure/pubsub/redis/publisher.go:25.16,27.3 1 0
orders-service/internal/infrastructure/pubsub/redis/publisher.go:29.2,29.56 1 1
orders-service/internal/infrastructure/pubsub/redis/subscriber.go:18.67,23.2 1 0
orders-service/internal/infrastructure/pubsub/redis/subscriber.go:25.77,31.6 4 0
orders-service/internal/infrastructure/pubsub/redis/subscriber.go:31.6,32.10 1 0
orders-service/internal/infrastructure/pubsub/redis/subscriber.go:33.21,34.10 1 0
orders-service/internal/infrastructure/pubsub/redis/subscriber.go:35.20,37.18 2 0
orders-service/internal/infrastructure/pubsub/redis/subscriber.go:37.18,39.13 2 0
orders-service/internal/infrastructure/pubsub/redis/subscriber.go:41.4,41.19 1 0
orders-service/internal/domain/inbox/inbox_message.go:31.97,33.16 2 1
orders-service/internal/domain/inbox/inbox_message.go:33.16,35.3 1 0
orders-service/internal/domain/inbox/inbox_message.go:37.2,47.8 1 1
orders-service/internal/domain/inbox/inbox_message.go:50.42,55.2 4 1
orders-service/internal/domain/inbox/inbox_message.go:57.39,61.2 3 1
orders-service/internal/domain/inbox/inbox_message.go:63.40,65.2 1 1
orders-service/internal/domain/inbox/inbox_message.go:67.43,69.2 1 1
orders-service/internal/domain/inbox/inbox_message.go:71.40,73.2 1 1
orders-service/internal/domain/inbox/inbox_message.go:75.41,77.2 1 1
orders-service/pkg/kafka/consumer.go:29.88,37.16 7 0
orders-service/pkg/kafka/consumer.go:37.16,39.3 1 0
orders-service/pkg/kafka/consumer.go:41.2,45.8 1 0
orders-service/pkg/kafka/consumer.go:48.76,50.2 1 0
orders-service/pkg/kafka/consumer.go:52.53,63.12 6 0
orders-service/pkg/kafka/consumer.go:63.12,65.7 2 0
orders-service/pkg/kafka/consumer.go:65.7,66.69 1 0
orders-service/pkg/kafka/consumer.go:66.69,68.5 1 0
orders-service/pkg/kafka/consumer.go:69.4,69.24 1 0
orders-service/pkg/kafka/consumer.go:69.24,71.5 1 0
orders-service/pkg/kafka/consumer.go:75.2,78.9 3 0
orders-service/pkg/kafka/consumer.go:79.20,80.44 1 0
orders-service/pkg/kafka/consumer.go:81.17,83.11 2 0
orders-service/pkg/kafka/consumer.go:86.2,87.27 2 0
orders-service/pkg/kafka/consumer.go:90.73,92.2 1 0
orders-service/pkg/kafka/consumer.go:94.75,96.2 1 0
orders-service/pkg/kafka/consumer.go:98.121,99.6 1 0
orders-service/pkg/kafka/consumer.go:99.6,100.10 1 0
orders-service/pkg/kafka/consumer.go:101.38,102.22 1 0
orders-service/pkg/kafka/consumer.go:102.22,104.5 1 0
orders-service/pkg/kafka/consumer.go:106.4,107.64 2 0
orders-service/pkg/kafka/consumer.go:107.64,110.13 3 0
orders-service/pkg/kafka/consumer.go:113.4,113.67 1 0
orders-service/pkg/kafka/consumer.go:113.67,114.64 1 0
orders-service/pkg/kafka/consumer.go:114.64,116.6 1 0
orders-service/pkg/kafka/consumer.go:116.11,118.6 1 0
orders-service/pkg/kafka/consumer.go:119.10,121.5 1 0
orders-service/pkg/kafka/consumer.go:123.4,123.36 1 0
orders-service/pkg/kafka/consumer.go:125.35,126.14 1 0
orders-service/pkg/kafka/producer.go:23.55,31.16 7 0
orders-service/pkg/kafka/producer.go:31.16,33.3 1 0
orders-service/pkg/kafka/producer.go:35.2,35.43 1 0
orders-service/pkg/kafka/producer.go:38.87,40.16 2 0
orders-service/pkg/kafka/producer.go:40.16,42.3 1 0
orders-service/pkg/kafka/producer.go:44.2,51.16 3 0
orders-service/pkg/kafka/producer.go:51.16,53.3 1 0
orders-service/pkg/kafka/producer.go:55.2,56.12 2 0
orders-service/pkg/kafka/producer.go:59.34,61.2 1 0
orders-service/internal/domain/orders/orders.go:32.62,34.16 2 1
orders-service/internal/domain/orders/orders.go:34.16,36.3 1 0
orders-service/internal/domain/orders/orders.go:38.2,46.8 1 1
orders-service/internal/domain/orders/orders.go:49.38,52.2 2 1
orders-service/internal/domain/orders/orders.go:54.44,58.2 3 1
orders-service/internal/domain/orders/orders.go:60.50,64.2 3 1
orders-service/internal/domain/orders/orders.go:66.33,69.2 2 1
orders-service/internal/domain/orders/orders.go:71.46,75.2 3 1
orders-service/internal/domain/orders/orders.go:77.34,79.2 1 1
orders-service/internal/domain/orders/orders.go:81.41,83.2 1 1
orders-service/internal/domain/orders/orders.go:85.31,87.2 1 1
orders-service/internal/domain/orders/orders.go:89.40,91.2 1 1
orders-service/internal/domain/orders/orders.go:93.36,95.2 1 1
orders-service/internal/domain/orders/orders.go:97.36,99.2 1 1
orders-service/internal/domain/outbox/outbox_message.go:30.90,32.16 2 1
orders-service/internal/domain/outbox/outbox_message.go:32.16,34.3 1 0
orders-service/internal/domain/outbox/outbox_message.go:36.2,45.8 1 1
orders-service/internal/domain/outbox/outbox_message.go:48.38,53.2 4 1
orders-service/internal/domain/outbox/outbox_message.go:55.40,59.2 3 1
orders-service/internal/domain/outbox/outbox_message.go:61.41,63.2 1 1
orders-service/internal/domain/outbox/outbox_message.go:65.39,67.2 1 1
orders-service/internal/domain/outbox/outbox_message.go:69.41,71.2 1 1
orders-service/internal/domain/outbox/outbox_message.go:73.42,75.2 1 1
orders-service/internal/domain/dto/sse_message.go:11.47,13.2 1 0
orders-service/internal/domain/dto/sse_message.go:15.49,19.2 3 0
orders-service/internal/infrastructure/pubsub/redis/publisher.go:16.65,21.2 1 0
orders-service/internal/infrastructure/pubsub/redis/publisher.go:23.81,25.16 2 0
orders-service/internal/infrastructure/pubsub/redis/publisher.go:25.16,27.3 1 0
orders-service/internal/infrastructure/pubsub/redis/publisher.go:29.2,29.56 1 0
orders-service/internal/infrastructure/pubsub/redis/subscriber.go:18.67,23.2 1 0
orders-service/internal/infrastructure/pubsub/redis/subscriber.go:25.77,31.6 4 0
orders-service/internal/infrastructure/pubsub/redis/subscriber.go:31.6,32.10 1 0
orders-service/internal/infrastructure/pubsub/redis/subscriber.go:33.21,34.10 1 0
orders-service/internal/infrastructure/pubsub/redis/subscriber.go:35.20,37.18 2 0
orders-service/internal/infrastructure/pubsub/redis/subscriber.go:37.18,39.13 2 0
orders-service/internal/infrastructure/pubsub/redis/subscriber.go:41.4,41.19 1 0
orders-service/internal/infrastructure/sse/sse_manager.go:33.56,40.2 1 0
orders-service/internal/infrastructure/sse/sse_manager.go:43.63,47.35 3 0
orders-service/internal/infrastructure/sse/sse_manager.go:47.35,48.38 1 0
orders-service/internal/infrastructure/sse/sse_manager.go:48.38,49.11 1 0
orders-service/internal/infrastructure/sse/sse_manager.go:50.34,50.34 0 0
orders-service/internal/infrastructure/sse/sse_manager.go:51.35,52.84 1 0
orders-service/internal/infrastructure/sse/sse_manager.go:59.46,62.12 2 0
orders-service/internal/infrastructure/sse/sse_manager.go:62.12,63.7 1 0
orders-service/internal/infrastructure/sse/sse_manager.go:63.7,64.11 1 0
orders-service/internal/infrastructure/sse/sse_manager.go:65.32,69.83 4 0
orders-service/internal/infrastructure/sse/sse_manager.go:71.34,73.42 2 0
orders-service/internal/infrastructure/sse/sse_manager.go:73.42,77.6 3 0
orders-service/internal/infrastructure/sse/sse_manager.go:78.5,79.57 2 0
orders-service/internal/infrastructure/sse/sse_manager.go:81.22,83.38 2 0
orders-service/internal/infrastructure/sse/sse_manager.go:83.38,86.6 2 0
orders-service/internal/infrastructure/sse/sse_manager.go:87.5,90.11 4 0
orders-service/internal/infrastructure/sse/sse_manager.go:97.67,106.2 3 0
orders-service/internal/infrastructure/sse/sse_manager.go:109.52,111.2 1 0
orders-service/internal/infrastructure/sse/sse_manager.go:114.69,116.18 2 0
orders-service/internal/infrastructure/sse/sse_manager.go:116.18,119.3 2 0
orders-service/internal/infrastructure/sse/sse_manager.go:121.2,139.41 14 0
orders-service/internal/infrastructure/sse/sse_manager.go:139.41,141.3 1 0
orders-service/internal/infrastructure/sse/sse_manager.go:143.2,143.6 1 0
orders-service/internal/infrastructure/sse/sse_manager.go:143.6,144.10 1 0
orders-service/internal/infrastructure/sse/sse_manager.go:145.31,149.18 3 0
orders-service/internal/infrastructure/sse/sse_manager.go:149.18,151.13 2 0
orders-service/internal/infrastructure/sse/sse_manager.go:154.4,157.43 3 0
orders-service/internal/infrastructure/sse/sse_manager.go:157.43,159.5 1 0
orders-service/internal/infrastructure/sse/sse_manager.go:161.22,163.10 2 0
orders-service/internal/infrastructure/sse/sse_manager.go:165.29,167.10 2 0
orders-service/internal/interfaces/api/handler/docs_handler.go:13.36,15.2 1 0
orders-service/internal/interfaces/api/handler/docs_handler.go:17.68,19.2 1 0
orders-service/internal/interfaces/api/handler/docs_handler.go:21.71,24.53 2 0
orders-service/internal/interfaces/api/handler/docs_handler.go:24.53,27.3 2 0
orders-service/internal/interfaces/api/handler/docs_handler.go:29.2,29.45 1 0
orders-service/internal/interfaces/api/handler/info_handler.go:11.36,13.2 1 0
orders-service/internal/interfaces/api/handler/info_handler.go:23.75,32.16 5 0
orders-service/internal/interfaces/api/handler/info_handler.go:32.16,34.3 1 0
orders-service/internal/interfaces/api/handler/orders_handler.go:15.93,20.2 1 1
orders-service/internal/interfaces/api/handler/orders_handler.go:35.77,37.61 2 1
orders-service/internal/interfaces/api/handler/orders_handler.go:37.61,42.3 4 1
orders-service/internal/interfaces/api/handler/orders_handler.go:44.2,45.16 2 1
orders-service/internal/interfaces/api/handler/orders_handler.go:45.16,50.3 4 1
orders-service/internal/interfaces/api/handler/orders_handler.go:52.2,54.34 3 1
orders-service/internal/interfaces/api/handler/orders_handler.go:69.79,71.18 2 1
orders-service/internal/interfaces/api/handler/orders_handler.go:71.18,76.3 4 0
orders-service/internal/interfaces/api/handler/orders_handler.go:78.2,79.16 2 1
orders-service/internal/interfaces/api/handler/orders_handler.go:79.16,84.3 4 1
orders-service/internal/interfaces/api/handler/orders_handler.go:86.2,88.35 3 1
orders-service/internal/interfaces/api/handler/orders_handler.go:99.80,101.19 2 1
orders-service/internal/interfaces/api/handler/orders_handler.go:101.19,106.3 4 0
orders-service/internal/interfaces/api/handler/orders_handler.go:108.2,109.16 2 1
orders-service/internal/interfaces/api/handler/orders_handler.go:109.16,114.3 4 1
orders-service/internal/interfaces/api/handler/orders_handler.go:116.2,118.34 3 1
orders-service/internal/interfaces/api/handler/orders_handler.go:129.84,131.2 1 0
orders-service/pkg/random/random.go:14.44,16.2 1 1
orders-service/pkg/random/random.go:18.81,26.16 6 1
orders-service/pkg/random/random.go:26.16,28.3 1 0
orders-service/pkg/random/random.go:30.2,32.20 2 1
orders-service/internal/domain/dto/sse_message.go:11.47,13.2 1 0
orders-service/internal/domain/dto/sse_message.go:15.49,19.2 3 0
orders-service/internal/infrastructure/pubsub/redis/publisher.go:16.65,21.2 1 0
orders-service/internal/infrastructure/pubsub/redis/publisher.go:23.81,25.16 2 0
orders-service/internal/infrastructure/pubsub/redis/publisher.go:25.16,27.3 1 0
orders-service/internal/infrastructure/pubsub/redis/publisher.go:29.2,29.56 1 0
orders-service/internal/infrastructure/pubsub/redis/subscriber.go:18.67,23.2 1 0
orders-service/internal/infrastructure/pubsub/redis/subscriber.go:25.77,31.6 4 0
orders-service/internal/infrastructure/pubsub/redis/subscriber.go:31.6,32.10 1 0
orders-service/internal/infrastructure/pubsub/redis/subscriber.go:33.21,34.10 1 0
orders-service/internal/infrastructure/pubsub/redis/subscriber.go:35.20,37.18 2 0
orders-service/internal/infrastructure/pubsub/redis/subscriber.go:37.18,39.13 2 0
orders-service/internal/infrastructure/pubsub/redis/subscriber.go:41.4,41.19 1 0
orders-service/internal/infrastructure/sse/sse_manager.go:33.56,40.2 1 0
orders-service/internal/infrastructure/sse/sse_manager.go:43.63,47.35 3 0
orders-service/internal/infrastructure/sse/sse_manager.go:47.35,48.38 1 0
orders-service/internal/infrastructure/sse/sse_manager.go:48.38,49.11 1 0
orders-service/internal/infrastructure/sse/sse_manager.go:50.34,50.34 0 0
orders-service/internal/infrastructure/sse/sse_manager.go:51.35,52.84 1 0
orders-service/internal/infrastructure/sse/sse_manager.go:59.46,62.12 2 0
orders-service/internal/infrastructure/sse/sse_manager.go:62.12,63.7 1 0
orders-service/internal/infrastructure/sse/sse_manager.go:63.7,64.11 1 0
orders-service/internal/infrastructure/sse/sse_manager.go:65.32,69.83 4 0
orders-service/internal/infrastructure/sse/sse_manager.go:71.34,73.42 2 0
orders-service/internal/infrastructure/sse/sse_manager.go:73.42,77.6 3 0
orders-service/internal/infrastructure/sse/sse_manager.go:78.5,79.57 2 0
orders-service/internal/infrastructure/sse/sse_manager.go:81.22,83.38 2 0
orders-service/internal/infrastructure/sse/sse_manager.go:83.38,86.6 2 0
orders-service/internal/infrastructure/sse/sse_manager.go:87.5,90.11 4 0
orders-service/internal/infrastructure/sse/sse_manager.go:97.67,106.2 3 0
orders-service/internal/infrastructure/sse/sse_manager.go:109.52,111.2 1 0
orders-service/internal/infrastructure/sse/sse_manager.go:114.69,116.18 2 0
orders-service/internal/infrastructure/sse/sse_manager.go:116.18,119.3 2 0
orders-service/internal/infrastructure/sse/sse_manager.go:121.2,139.41 14 0
orders-service/internal/infrastructure/sse/sse_manager.go:139.41,141.3 1 0
orders-service/internal/infrastructure/sse/sse_manager.go:143.2,143.6 1 0
orders-service/internal/infrastructure/sse/sse_manager.go:143.6,144.10 1 0
orders-service/internal/infrastructure/sse/sse_manager.go:145.31,149.18 3 0
orders-service/internal/infrastructure/sse/sse_manager.go:149.18,151.13 2 0
orders-service/internal/infrastructure/sse/sse_manager.go:154.4,157.43 3 0
orders-service/internal/infrastructure/sse/sse_manager.go:157.43,159.5 1 0
orders-service/internal/infrastructure/sse/sse_manager.go:161.22,163.10 2 0
orders-service/internal/infrastructure/sse/sse_manager.go:165.29,167.10 2 0
orders-service/internal/interfaces/api/router/router.go:15.87,21.2 1 1
orders-service/internal/interfaces/api/router/router.go:23.45,40.2 9 1
