mode: set
payments-service/cmd/api/main.go:39.13,40.49 1 0
payments-service/cmd/api/main.go:40.49,43.3 2 0
payments-service/cmd/api/main.go:45.2,45.13 1 0
payments-service/cmd/api/main.go:48.22,53.16 5 0
payments-service/cmd/api/main.go:53.16,55.3 1 0
payments-service/cmd/api/main.go:56.2,58.51 2 0
payments-service/cmd/api/main.go:58.51,60.3 1 0
payments-service/cmd/api/main.go:61.2,61.51 1 0
payments-service/cmd/api/main.go:64.18,66.16 2 0
payments-service/cmd/api/main.go:66.16,68.3 1 0
payments-service/cmd/api/main.go:70.2,89.12 11 0
payments-service/cmd/api/main.go:89.12,91.90 2 0
payments-service/cmd/api/main.go:91.90,93.4 1 0
payments-service/cmd/api/main.go:96.2,108.53 9 0
payments-service/cmd/api/main.go:108.53,110.3 1 0
payments-service/cmd/api/main.go:112.2,112.39 1 0
payments-service/cmd/api/main.go:112.39,114.3 1 0
payments-service/cmd/api/main.go:116.2,116.41 1 0
payments-service/config/kafka.go:18.37,20.22 2 0
payments-service/config/kafka.go:20.22,22.3 1 0
payments-service/config/kafka.go:24.2,25.33 2 0
payments-service/config/kafka.go:25.33,27.3 1 0
payments-service/config/kafka.go:29.2,35.3 1 0
payments-service/docs/docs.go:266.13,268.2 1 0
payments-service/internal/application/di/wire_gen.go:24.52,29.16 5 0
payments-service/internal/application/di/wire_gen.go:29.16,31.3 1 0
payments-service/internal/application/di/wire_gen.go:32.2,45.25 14 0
payments-service/internal/application/di/wire_gen.go:62.33,64.2 1 0
payments-service/internal/application/di/wire_gen.go:66.65,74.2 1 0
payments-service/internal/application/di/wire_gen.go:79.26,81.16 2 0
payments-service/internal/application/di/wire_gen.go:81.16,82.13 1 0
payments-service/internal/application/di/wire_gen.go:84.2,84.18 1 0
payments-service/internal/application/di/wire_gen.go:90.25,92.16 2 0
payments-service/internal/application/di/wire_gen.go:92.16,93.13 1 0
payments-service/internal/application/di/wire_gen.go:95.2,95.18 1 0
payments-service/internal/application/di/wire_gen.go:114.16,124.2 1 0
payments-service/internal/events/payment_events.go:19.92,21.16 2 0
payments-service/internal/events/payment_events.go:21.16,23.3 1 0
payments-service/internal/events/payment_events.go:25.2,30.16 2 0
payments-service/internal/events/payment_events.go:30.16,32.3 1 0
payments-service/internal/events/payment_events.go:34.2,42.21 3 0
payments-service/internal/events/payment_events.go:45.118,54.2 2 0
payments-service/internal/events/payment_events.go:56.118,65.2 2 0
payments-service/internal/events/payment_events.go:67.115,76.2 2 0
payments-service/internal/events/payment_events.go:78.96,80.9 2 0
payments-service/internal/events/payment_events.go:80.9,82.3 1 0
payments-service/internal/events/payment_events.go:84.2,85.9 2 0
payments-service/internal/events/payment_events.go:85.9,87.3 1 0
payments-service/internal/events/payment_events.go:89.2,98.68 2 0
payments-service/internal/events/payment_events.go:98.68,100.3 1 0
payments-service/internal/events/payment_events.go:102.2,104.12 2 0
payments-service/internal/events/payment_events.go:107.103,112.13 3 0
payments-service/internal/events/payment_events.go:112.13,116.3 3 0
payments-service/internal/events/payment_events.go:116.8,120.3 3 0
payments-service/internal/events/payment_events.go:123.72,125.2 1 0
payments-service/internal/events/payment_events.go:127.45,129.2 1 0
payments-service/internal/events/payment_events.go:131.31,133.16 2 0
payments-service/internal/events/payment_events.go:133.16,135.3 1 0
payments-service/internal/events/payment_events.go:137.2,137.20 1 0
payments-service/internal/infrastructure/config/config.go:39.31,43.2 1 0
payments-service/internal/infrastructure/config/config.go:45.33,47.16 2 0
payments-service/internal/infrastructure/config/config.go:47.16,48.76 1 0
payments-service/internal/infrastructure/config/config.go:50.2,54.48 4 0
payments-service/internal/infrastructure/config/config.go:54.48,55.78 1 0
payments-service/internal/infrastructure/config/config.go:58.2,58.16 1 0
payments-service/internal/infrastructure/config/config.go:61.55,62.39 1 0
payments-service/internal/infrastructure/config/config.go:62.39,64.3 1 0
payments-service/internal/infrastructure/config/config.go:65.2,65.71 1 0
payments-service/internal/infrastructure/config/config.go:68.46,69.38 1 0
payments-service/internal/infrastructure/config/config.go:69.38,71.3 1 0
payments-service/internal/infrastructure/config/config.go:72.2,72.36 1 0
payments-service/internal/infrastructure/config/config.go:75.47,76.39 1 0
payments-service/internal/infrastructure/config/config.go:76.39,78.3 1 0
payments-service/internal/infrastructure/config/config.go:79.2,79.37 1 0
payments-service/internal/infrastructure/brokers/kafka/inbox_processor.go:26.28,32.16 2 0
payments-service/internal/infrastructure/brokers/kafka/inbox_processor.go:32.16,34.3 1 0
payments-service/internal/infrastructure/brokers/kafka/inbox_processor.go:36.2,46.23 3 0
payments-service/internal/infrastructure/brokers/kafka/inbox_processor.go:49.118,51.2 1 0
payments-service/internal/infrastructure/brokers/kafka/inbox_processor.go:53.53,54.12 1 0
payments-service/internal/infrastructure/brokers/kafka/inbox_processor.go:54.12,55.47 1 0
payments-service/internal/infrastructure/brokers/kafka/inbox_processor.go:55.47,57.4 1 0
payments-service/internal/infrastructure/brokers/kafka/inbox_processor.go:60.2,62.12 2 0
payments-service/internal/infrastructure/brokers/kafka/inbox_processor.go:62.12,63.7 1 0
payments-service/internal/infrastructure/brokers/kafka/inbox_processor.go:63.7,64.11 1 0
payments-service/internal/infrastructure/brokers/kafka/inbox_processor.go:65.22,67.33 2 0
payments-service/internal/infrastructure/brokers/kafka/inbox_processor.go:68.18,69.11 1 0
payments-service/internal/infrastructure/brokers/kafka/inbox_processor.go:70.22,71.11 1 0
payments-service/internal/infrastructure/brokers/kafka/inbox_processor.go:77.33,78.21 1 0
payments-service/internal/infrastructure/brokers/kafka/inbox_processor.go:78.21,80.3 1 0
payments-service/internal/infrastructure/brokers/kafka/inbox_processor.go:81.2,81.15 1 0
payments-service/internal/infrastructure/brokers/kafka/inbox_processor.go:84.89,86.16 2 0
payments-service/internal/infrastructure/brokers/kafka/inbox_processor.go:86.16,89.3 2 0
payments-service/internal/infrastructure/brokers/kafka/inbox_processor.go:91.2,91.15 1 0
payments-service/internal/infrastructure/brokers/kafka/inbox_processor.go:91.15,94.3 2 0
payments-service/internal/infrastructure/brokers/kafka/inbox_processor.go:96.2,97.16 2 0
payments-service/internal/infrastructure/brokers/kafka/inbox_processor.go:97.16,100.3 2 0
payments-service/internal/infrastructure/brokers/kafka/inbox_processor.go:102.2,103.16 2 0
payments-service/internal/infrastructure/brokers/kafka/inbox_processor.go:103.16,106.3 2 0
payments-service/internal/infrastructure/brokers/kafka/inbox_processor.go:108.2,108.61 1 0
payments-service/internal/infrastructure/brokers/kafka/inbox_processor.go:108.61,111.3 2 0
payments-service/internal/infrastructure/brokers/kafka/inbox_processor.go:113.2,114.12 2 0
payments-service/internal/infrastructure/brokers/kafka/inbox_processor.go:117.70,119.16 2 0
payments-service/internal/infrastructure/brokers/kafka/inbox_processor.go:119.16,122.3 2 0
payments-service/internal/infrastructure/brokers/kafka/inbox_processor.go:124.2,124.35 1 0
payments-service/internal/infrastructure/brokers/kafka/inbox_processor.go:124.35,126.3 1 0
payments-service/internal/infrastructure/brokers/kafka/inbox_processor.go:129.69,132.16 3 0
payments-service/internal/infrastructure/brokers/kafka/inbox_processor.go:132.16,135.3 2 0
payments-service/internal/infrastructure/brokers/kafka/inbox_processor.go:137.2,137.35 1 0
payments-service/internal/infrastructure/brokers/kafka/inbox_processor.go:137.35,139.3 1 0
payments-service/internal/infrastructure/brokers/kafka/inbox_processor.go:142.91,144.13 2 0
payments-service/internal/infrastructure/brokers/kafka/inbox_processor.go:144.13,148.3 3 0
payments-service/internal/infrastructure/brokers/kafka/inbox_processor.go:150.2,151.16 2 0
payments-service/internal/infrastructure/brokers/kafka/inbox_processor.go:151.16,154.3 2 0
payments-service/internal/infrastructure/brokers/kafka/inbox_processor.go:154.8,157.3 2 0
payments-service/internal/infrastructure/brokers/kafka/kafka.go:34.40,36.2 1 0
payments-service/internal/infrastructure/brokers/kafka/kafka.go:38.50,40.2 1 0
payments-service/internal/infrastructure/brokers/kafka/kafka.go:42.48,44.2 1 0
payments-service/internal/infrastructure/brokers/kafka/kafka.go:46.51,62.2 1 0
payments-service/internal/infrastructure/brokers/kafka/kafka.go:70.80,72.16 2 0
payments-service/internal/infrastructure/brokers/kafka/kafka.go:72.16,74.3 1 0
payments-service/internal/infrastructure/brokers/kafka/kafka.go:76.2,81.16 2 0
payments-service/internal/infrastructure/brokers/kafka/kafka.go:81.16,83.3 1 0
payments-service/internal/infrastructure/brokers/kafka/kafka.go:85.2,91.21 2 0
payments-service/internal/infrastructure/brokers/kafka/kafka.go:94.118,103.2 2 0
payments-service/internal/infrastructure/brokers/kafka/kafka.go:105.115,114.2 2 0
payments-service/internal/infrastructure/brokers/kafka/kafka.go:116.72,118.2 1 0
payments-service/internal/infrastructure/brokers/kafka/kafka.go:120.115,122.2 1 0
payments-service/internal/infrastructure/brokers/kafka/kafka.go:124.45,126.2 1 0
payments-service/internal/infrastructure/brokers/kafka/outbox_publisher.go:26.29,28.16 2 0
payments-service/internal/infrastructure/brokers/kafka/outbox_publisher.go:28.16,30.3 1 0
payments-service/internal/infrastructure/brokers/kafka/outbox_publisher.go:32.2,37.8 1 0
payments-service/internal/infrastructure/brokers/kafka/outbox_publisher.go:40.54,43.12 2 0
payments-service/internal/infrastructure/brokers/kafka/outbox_publisher.go:43.12,44.7 1 0
payments-service/internal/infrastructure/brokers/kafka/outbox_publisher.go:44.7,45.11 1 0
payments-service/internal/infrastructure/brokers/kafka/outbox_publisher.go:46.22,48.33 2 0
payments-service/internal/infrastructure/brokers/kafka/outbox_publisher.go:49.18,50.11 1 0
payments-service/internal/infrastructure/brokers/kafka/outbox_publisher.go:51.22,52.11 1 0
payments-service/internal/infrastructure/brokers/kafka/outbox_publisher.go:58.34,59.21 1 0
payments-service/internal/infrastructure/brokers/kafka/outbox_publisher.go:59.21,61.3 1 0
payments-service/internal/infrastructure/brokers/kafka/outbox_publisher.go:62.2,63.23 2 0
payments-service/internal/infrastructure/brokers/kafka/outbox_publisher.go:63.23,65.3 1 0
payments-service/internal/infrastructure/brokers/kafka/outbox_publisher.go:68.71,70.16 2 0
payments-service/internal/infrastructure/brokers/kafka/outbox_publisher.go:70.16,73.3 2 0
payments-service/internal/infrastructure/brokers/kafka/outbox_publisher.go:75.2,75.35 1 0
payments-service/internal/infrastructure/brokers/kafka/outbox_publisher.go:75.35,77.17 2 0
payments-service/internal/infrastructure/brokers/kafka/outbox_publisher.go:77.17,80.4 2 0
payments-service/internal/infrastructure/brokers/kafka/outbox_publisher.go:80.9,82.4 1 0
payments-service/internal/infrastructure/brokers/kafka/outbox_publisher.go:86.70,88.16 2 0
payments-service/internal/infrastructure/brokers/kafka/outbox_publisher.go:88.16,91.3 2 0
payments-service/internal/infrastructure/brokers/kafka/outbox_publisher.go:93.2,93.35 1 0
payments-service/internal/infrastructure/brokers/kafka/outbox_publisher.go:93.35,95.17 2 0
payments-service/internal/infrastructure/brokers/kafka/outbox_publisher.go:95.17,98.4 2 0
payments-service/internal/infrastructure/brokers/kafka/outbox_publisher.go:98.9,100.4 1 0
payments-service/internal/infrastructure/brokers/kafka/outbox_publisher.go:104.100,106.27 2 0
payments-service/internal/infrastructure/brokers/kafka/outbox_publisher.go:107.45,108.49 1 0
payments-service/internal/infrastructure/brokers/kafka/outbox_publisher.go:109.10,110.65 1 0
payments-service/internal/infrastructure/brokers/kafka/outbox_publisher.go:113.2,114.69 2 0
payments-service/internal/infrastructure/brokers/kafka/outbox_publisher.go:114.69,116.3 1 0
payments-service/internal/infrastructure/brokers/kafka/outbox_publisher.go:118.2,125.56 2 0
payments-service/internal/infrastructure/persistence/postgres/account_repository.go:16.68,18.2 1 0
payments-service/internal/infrastructure/persistence/postgres/account_repository.go:20.84,27.16 3 0
payments-service/internal/infrastructure/persistence/postgres/account_repository.go:27.16,29.3 1 0
payments-service/internal/infrastructure/persistence/postgres/account_repository.go:31.2,31.12 1 0
payments-service/internal/infrastructure/persistence/postgres/account_repository.go:34.102,41.16 3 0
payments-service/internal/infrastructure/persistence/postgres/account_repository.go:41.16,43.3 1 0
payments-service/internal/infrastructure/persistence/postgres/account_repository.go:45.2,45.12 1 0
payments-service/internal/infrastructure/persistence/postgres/account_repository.go:48.103,58.16 5 0
payments-service/internal/infrastructure/persistence/postgres/account_repository.go:58.16,59.27 1 0
payments-service/internal/infrastructure/persistence/postgres/account_repository.go:59.27,61.4 1 0
payments-service/internal/infrastructure/persistence/postgres/account_repository.go:62.3,62.70 1 0
payments-service/internal/infrastructure/persistence/postgres/account_repository.go:65.2,65.17 1 0
payments-service/internal/infrastructure/persistence/postgres/account_repository.go:68.121,79.16 5 0
payments-service/internal/infrastructure/persistence/postgres/account_repository.go:79.16,80.27 1 0
payments-service/internal/infrastructure/persistence/postgres/account_repository.go:80.27,82.4 1 0
payments-service/internal/infrastructure/persistence/postgres/account_repository.go:83.3,83.78 1 0
payments-service/internal/infrastructure/persistence/postgres/account_repository.go:86.2,86.17 1 0
payments-service/internal/infrastructure/persistence/postgres/account_repository.go:89.85,96.16 3 0
payments-service/internal/infrastructure/persistence/postgres/account_repository.go:96.16,98.3 1 0
payments-service/internal/infrastructure/persistence/postgres/account_repository.go:100.2,101.16 2 0
payments-service/internal/infrastructure/persistence/postgres/account_repository.go:101.16,103.3 1 0
payments-service/internal/infrastructure/persistence/postgres/account_repository.go:105.2,105.23 1 0
payments-service/internal/infrastructure/persistence/postgres/account_repository.go:105.23,107.3 1 0
payments-service/internal/infrastructure/persistence/postgres/account_repository.go:109.2,109.12 1 0
payments-service/internal/infrastructure/persistence/postgres/account_repository.go:112.103,119.16 3 0
payments-service/internal/infrastructure/persistence/postgres/account_repository.go:119.16,121.3 1 0
payments-service/internal/infrastructure/persistence/postgres/account_repository.go:123.2,124.16 2 0
payments-service/internal/infrastructure/persistence/postgres/account_repository.go:124.16,126.3 1 0
payments-service/internal/infrastructure/persistence/postgres/account_repository.go:128.2,128.23 1 0
payments-service/internal/infrastructure/persistence/postgres/account_repository.go:128.23,130.3 1 0
payments-service/internal/infrastructure/persistence/postgres/account_repository.go:132.2,132.12 1 0
payments-service/internal/infrastructure/persistence/postgres/db.go:20.31,23.2 1 0
payments-service/internal/infrastructure/persistence/postgres/db.go:25.45,27.16 2 0
payments-service/internal/infrastructure/persistence/postgres/db.go:27.16,29.3 1 0
payments-service/internal/infrastructure/persistence/postgres/db.go:31.2,31.34 1 0
payments-service/internal/infrastructure/persistence/postgres/db.go:31.34,33.3 1 0
payments-service/internal/infrastructure/persistence/postgres/db.go:35.2,36.16 2 0
payments-service/internal/infrastructure/persistence/postgres/inbox_repository.go:17.64,19.2 1 0
payments-service/internal/infrastructure/persistence/postgres/inbox_repository.go:21.89,29.16 3 0
payments-service/internal/infrastructure/persistence/postgres/inbox_repository.go:29.16,31.3 1 0
payments-service/internal/infrastructure/persistence/postgres/inbox_repository.go:33.2,33.12 1 0
payments-service/internal/infrastructure/persistence/postgres/inbox_repository.go:36.107,44.16 3 0
payments-service/internal/infrastructure/persistence/postgres/inbox_repository.go:44.16,46.3 1 0
payments-service/internal/infrastructure/persistence/postgres/inbox_repository.go:48.2,48.12 1 0
payments-service/internal/infrastructure/persistence/postgres/inbox_repository.go:51.106,62.16 5 0
payments-service/internal/infrastructure/persistence/postgres/inbox_repository.go:62.16,63.27 1 0
payments-service/internal/infrastructure/persistence/postgres/inbox_repository.go:63.27,65.4 1 0
payments-service/internal/infrastructure/persistence/postgres/inbox_repository.go:66.3,66.77 1 0
payments-service/internal/infrastructure/persistence/postgres/inbox_repository.go:69.2,69.21 1 0
payments-service/internal/infrastructure/persistence/postgres/inbox_repository.go:72.109,81.16 3 0
payments-service/internal/infrastructure/persistence/postgres/inbox_repository.go:81.16,83.3 1 0
payments-service/internal/infrastructure/persistence/postgres/inbox_repository.go:84.2,87.18 3 0
payments-service/internal/infrastructure/persistence/postgres/inbox_repository.go:87.18,91.17 3 0
payments-service/internal/infrastructure/persistence/postgres/inbox_repository.go:91.17,93.4 1 0
payments-service/internal/infrastructure/persistence/postgres/inbox_repository.go:94.3,94.39 1 0
payments-service/internal/infrastructure/persistence/postgres/inbox_repository.go:97.2,97.22 1 0
payments-service/internal/infrastructure/persistence/postgres/inbox_repository.go:100.130,112.16 5 0
payments-service/internal/infrastructure/persistence/postgres/inbox_repository.go:112.16,114.3 1 0
payments-service/internal/infrastructure/persistence/postgres/inbox_repository.go:115.2,118.18 3 0
payments-service/internal/infrastructure/persistence/postgres/inbox_repository.go:118.18,122.17 3 0
payments-service/internal/infrastructure/persistence/postgres/inbox_repository.go:122.17,124.4 1 0
payments-service/internal/infrastructure/persistence/postgres/inbox_repository.go:125.3,125.39 1 0
payments-service/internal/infrastructure/persistence/postgres/inbox_repository.go:128.2,128.22 1 0
payments-service/internal/infrastructure/persistence/postgres/inbox_repository.go:131.81,138.16 3 0
payments-service/internal/infrastructure/persistence/postgres/inbox_repository.go:138.16,140.3 1 0
payments-service/internal/infrastructure/persistence/postgres/inbox_repository.go:142.2,143.16 2 0
payments-service/internal/infrastructure/persistence/postgres/inbox_repository.go:143.16,145.3 1 0
payments-service/internal/infrastructure/persistence/postgres/inbox_repository.go:147.2,147.23 1 0
payments-service/internal/infrastructure/persistence/postgres/inbox_repository.go:147.23,149.3 1 0
payments-service/internal/infrastructure/persistence/postgres/inbox_repository.go:151.2,151.12 1 0
payments-service/internal/infrastructure/persistence/postgres/inbox_repository.go:154.78,161.16 3 0
payments-service/internal/infrastructure/persistence/postgres/inbox_repository.go:161.16,163.3 1 0
payments-service/internal/infrastructure/persistence/postgres/inbox_repository.go:165.2,166.16 2 0
payments-service/internal/infrastructure/persistence/postgres/inbox_repository.go:166.16,168.3 1 0
payments-service/internal/infrastructure/persistence/postgres/inbox_repository.go:170.2,170.23 1 0
payments-service/internal/infrastructure/persistence/postgres/inbox_repository.go:170.23,172.3 1 0
payments-service/internal/infrastructure/persistence/postgres/inbox_repository.go:174.2,174.12 1 0
payments-service/internal/infrastructure/persistence/postgres/inbox_repository.go:177.95,185.16 4 0
payments-service/internal/infrastructure/persistence/postgres/inbox_repository.go:185.16,187.3 1 0
payments-service/internal/infrastructure/persistence/postgres/inbox_repository.go:189.2,189.23 1 0
payments-service/internal/infrastructure/persistence/postgres/migrations.go:17.38,21.16 3 0
payments-service/internal/infrastructure/persistence/postgres/migrations.go:21.16,23.3 1 0
payments-service/internal/infrastructure/persistence/postgres/migrations.go:25.2,26.32 2 0
payments-service/internal/infrastructure/persistence/postgres/migrations.go:26.32,28.3 1 0
payments-service/internal/infrastructure/persistence/postgres/migrations.go:30.2,31.16 2 0
payments-service/internal/infrastructure/persistence/postgres/migrations.go:31.16,33.3 1 0
payments-service/internal/infrastructure/persistence/postgres/migrations.go:35.2,36.16 2 0
payments-service/internal/infrastructure/persistence/postgres/migrations.go:36.16,38.3 1 0
payments-service/internal/infrastructure/persistence/postgres/migrations.go:40.2,41.16 2 0
payments-service/internal/infrastructure/persistence/postgres/migrations.go:41.16,43.3 1 0
payments-service/internal/infrastructure/persistence/postgres/migrations.go:45.2,46.61 2 0
payments-service/internal/infrastructure/persistence/postgres/migrations.go:46.61,48.3 1 0
payments-service/internal/infrastructure/persistence/postgres/migrations.go:50.2,51.12 2 0
payments-service/internal/infrastructure/persistence/postgres/migrations.go:54.47,56.16 2 0
payments-service/internal/infrastructure/persistence/postgres/migrations.go:56.16,58.3 1 0
payments-service/internal/infrastructure/persistence/postgres/migrations.go:60.2,61.16 2 0
payments-service/internal/infrastructure/persistence/postgres/migrations.go:61.16,63.3 1 0
payments-service/internal/infrastructure/persistence/postgres/migrations.go:65.2,66.16 2 0
payments-service/internal/infrastructure/persistence/postgres/migrations.go:66.16,68.3 1 0
payments-service/internal/infrastructure/persistence/postgres/migrations.go:70.2,70.40 1 0
payments-service/internal/infrastructure/persistence/postgres/migrations.go:70.40,72.3 1 0
payments-service/internal/infrastructure/persistence/postgres/migrations.go:74.2,74.12 1 0
payments-service/internal/infrastructure/persistence/postgres/outbox_repository.go:16.66,18.2 1 0
payments-service/internal/infrastructure/persistence/postgres/outbox_repository.go:20.92,28.16 3 0
payments-service/internal/infrastructure/persistence/postgres/outbox_repository.go:28.16,30.3 1 0
payments-service/internal/infrastructure/persistence/postgres/outbox_repository.go:32.2,32.12 1 0
payments-service/internal/infrastructure/persistence/postgres/outbox_repository.go:35.110,43.16 3 0
payments-service/internal/infrastructure/persistence/postgres/outbox_repository.go:43.16,45.3 1 0
payments-service/internal/infrastructure/persistence/postgres/outbox_repository.go:47.2,47.12 1 0
payments-service/internal/infrastructure/persistence/postgres/outbox_repository.go:50.112,59.16 3 0
payments-service/internal/infrastructure/persistence/postgres/outbox_repository.go:59.16,61.3 1 0
payments-service/internal/infrastructure/persistence/postgres/outbox_repository.go:62.2,65.18 3 0
payments-service/internal/infrastructure/persistence/postgres/outbox_repository.go:65.18,69.17 3 0
payments-service/internal/infrastructure/persistence/postgres/outbox_repository.go:69.17,71.4 1 0
payments-service/internal/infrastructure/persistence/postgres/outbox_repository.go:72.3,72.39 1 0
payments-service/internal/infrastructure/persistence/postgres/outbox_repository.go:75.2,75.22 1 0
payments-service/internal/infrastructure/persistence/postgres/outbox_repository.go:78.123,87.16 3 0
payments-service/internal/infrastructure/persistence/postgres/outbox_repository.go:87.16,89.3 1 0
payments-service/internal/infrastructure/persistence/postgres/outbox_repository.go:90.2,93.18 3 0
payments-service/internal/infrastructure/persistence/postgres/outbox_repository.go:93.18,97.17 3 0
payments-service/internal/infrastructure/persistence/postgres/outbox_repository.go:97.17,99.4 1 0
payments-service/internal/infrastructure/persistence/postgres/outbox_repository.go:100.3,100.39 1 0
payments-service/internal/infrastructure/persistence/postgres/outbox_repository.go:103.2,103.22 1 0
payments-service/internal/infrastructure/persistence/postgres/outbox_repository.go:106.77,113.16 3 0
payments-service/internal/infrastructure/persistence/postgres/outbox_repository.go:113.16,115.3 1 0
payments-service/internal/infrastructure/persistence/postgres/outbox_repository.go:117.2,118.16 2 0
payments-service/internal/infrastructure/persistence/postgres/outbox_repository.go:118.16,120.3 1 0
payments-service/internal/infrastructure/persistence/postgres/outbox_repository.go:122.2,122.23 1 0
payments-service/internal/infrastructure/persistence/postgres/outbox_repository.go:122.23,124.3 1 0
payments-service/internal/infrastructure/persistence/postgres/outbox_repository.go:126.2,126.12 1 0
payments-service/internal/infrastructure/persistence/postgres/outbox_repository.go:129.79,136.16 3 0
payments-service/internal/infrastructure/persistence/postgres/outbox_repository.go:136.16,138.3 1 0
payments-service/internal/infrastructure/persistence/postgres/outbox_repository.go:140.2,141.16 2 0
payments-service/internal/infrastructure/persistence/postgres/outbox_repository.go:141.16,143.3 1 0
payments-service/internal/infrastructure/persistence/postgres/outbox_repository.go:145.2,145.23 1 0
payments-service/internal/infrastructure/persistence/postgres/outbox_repository.go:145.23,147.3 1 0
payments-service/internal/infrastructure/persistence/postgres/outbox_repository.go:149.2,149.12 1 0
payments-service/internal/infrastructure/persistence/postgres/payments_repository.go:16.70,18.2 1 0
payments-service/internal/infrastructure/persistence/postgres/payments_repository.go:20.90,28.16 3 0
payments-service/internal/infrastructure/persistence/postgres/payments_repository.go:28.16,30.3 1 0
payments-service/internal/infrastructure/persistence/postgres/payments_repository.go:32.2,32.12 1 0
payments-service/internal/infrastructure/persistence/postgres/payments_repository.go:35.108,43.16 3 0
payments-service/internal/infrastructure/persistence/postgres/payments_repository.go:43.16,45.3 1 0
payments-service/internal/infrastructure/persistence/postgres/payments_repository.go:47.2,47.12 1 0
payments-service/internal/infrastructure/persistence/postgres/payments_repository.go:50.97,61.16 5 0
payments-service/internal/infrastructure/persistence/postgres/payments_repository.go:61.16,62.27 1 0
payments-service/internal/infrastructure/persistence/postgres/payments_repository.go:62.27,64.4 1 0
payments-service/internal/infrastructure/persistence/postgres/payments_repository.go:65.3,65.65 1 0
payments-service/internal/infrastructure/persistence/postgres/payments_repository.go:68.2,68.21 1 0
payments-service/internal/infrastructure/persistence/postgres/payments_repository.go:71.107,82.16 5 0
payments-service/internal/infrastructure/persistence/postgres/payments_repository.go:82.16,83.27 1 0
payments-service/internal/infrastructure/persistence/postgres/payments_repository.go:83.27,85.4 1 0
payments-service/internal/infrastructure/persistence/postgres/payments_repository.go:86.3,86.71 1 0
payments-service/internal/infrastructure/persistence/postgres/payments_repository.go:89.2,89.21 1 0
payments-service/internal/infrastructure/persistence/postgres/payments_repository.go:92.91,100.16 3 0
payments-service/internal/infrastructure/persistence/postgres/payments_repository.go:100.16,102.3 1 0
payments-service/internal/infrastructure/persistence/postgres/payments_repository.go:104.2,105.16 2 0
payments-service/internal/infrastructure/persistence/postgres/payments_repository.go:105.16,107.3 1 0
payments-service/internal/infrastructure/persistence/postgres/payments_repository.go:109.2,109.23 1 0
payments-service/internal/infrastructure/persistence/postgres/payments_repository.go:109.23,111.3 1 0
payments-service/internal/infrastructure/persistence/postgres/payments_repository.go:113.2,113.12 1 0
payments-service/internal/infrastructure/persistence/postgres/payments_repository.go:116.109,124.16 3 0
payments-service/internal/infrastructure/persistence/postgres/payments_repository.go:124.16,126.3 1 0
payments-service/internal/infrastructure/persistence/postgres/payments_repository.go:128.2,129.16 2 0
payments-service/internal/infrastructure/persistence/postgres/payments_repository.go:129.16,131.3 1 0
payments-service/internal/infrastructure/persistence/postgres/payments_repository.go:133.2,133.23 1 0
payments-service/internal/infrastructure/persistence/postgres/payments_repository.go:133.23,135.3 1 0
payments-service/internal/infrastructure/persistence/postgres/payments_repository.go:137.2,137.12 1 0
payments-service/internal/interfaces/api/handler/accounts_handler.go:15.82,19.2 1 0
payments-service/internal/interfaces/api/handler/accounts_handler.go:60.81,61.33 1 0
payments-service/internal/interfaces/api/handler/accounts_handler.go:61.33,65.3 3 0
payments-service/internal/interfaces/api/handler/accounts_handler.go:67.2,68.16 2 0
payments-service/internal/interfaces/api/handler/accounts_handler.go:68.16,72.3 3 0
payments-service/internal/interfaces/api/handler/accounts_handler.go:74.2,83.37 4 0
payments-service/internal/interfaces/api/handler/accounts_handler.go:98.80,99.33 1 0
payments-service/internal/interfaces/api/handler/accounts_handler.go:99.33,103.3 3 0
payments-service/internal/interfaces/api/handler/accounts_handler.go:105.2,107.20 3 0
payments-service/internal/interfaces/api/handler/accounts_handler.go:107.20,111.3 3 0
payments-service/internal/interfaces/api/handler/accounts_handler.go:112.2,115.61 3 0
payments-service/internal/interfaces/api/handler/accounts_handler.go:115.61,119.3 3 0
payments-service/internal/interfaces/api/handler/accounts_handler.go:121.2,121.21 1 0
payments-service/internal/interfaces/api/handler/accounts_handler.go:121.21,125.3 3 0
payments-service/internal/interfaces/api/handler/accounts_handler.go:127.2,128.16 2 0
payments-service/internal/interfaces/api/handler/accounts_handler.go:128.16,132.3 3 0
payments-service/internal/interfaces/api/handler/accounts_handler.go:134.2,143.37 4 0
payments-service/internal/interfaces/api/handler/accounts_handler.go:156.82,157.32 1 0
payments-service/internal/interfaces/api/handler/accounts_handler.go:157.32,161.3 3 0
payments-service/internal/interfaces/api/handler/accounts_handler.go:163.2,165.20 3 0
payments-service/internal/interfaces/api/handler/accounts_handler.go:165.20,169.3 3 0
payments-service/internal/interfaces/api/handler/accounts_handler.go:170.2,173.16 3 0
payments-service/internal/interfaces/api/handler/accounts_handler.go:173.16,177.3 3 0
payments-service/internal/interfaces/api/handler/accounts_handler.go:179.2,189.37 4 0
payments-service/internal/interfaces/api/handler/docs_handler.go:13.36,15.2 1 0
payments-service/internal/interfaces/api/handler/docs_handler.go:17.68,19.2 1 0
payments-service/internal/interfaces/api/handler/docs_handler.go:21.71,24.53 2 0
payments-service/internal/interfaces/api/handler/docs_handler.go:24.53,27.3 2 0
payments-service/internal/interfaces/api/handler/docs_handler.go:29.2,29.45 1 0
payments-service/internal/interfaces/api/handler/info_handler.go:11.36,13.2 1 0
payments-service/internal/interfaces/api/handler/info_handler.go:23.75,32.16 5 0
payments-service/internal/interfaces/api/handler/info_handler.go:32.16,34.3 1 0
payments-service/internal/interfaces/api/router/router.go:14.66,20.2 1 0
payments-service/internal/interfaces/api/router/router.go:22.45,35.2 8 0
payments-service/pkg/kafka/consumer.go:29.88,37.16 7 0
payments-service/pkg/kafka/consumer.go:37.16,39.3 1 0
payments-service/pkg/kafka/consumer.go:41.2,45.8 1 0
payments-service/pkg/kafka/consumer.go:48.76,50.2 1 0
payments-service/pkg/kafka/consumer.go:52.53,63.12 6 0
payments-service/pkg/kafka/consumer.go:63.12,65.7 2 0
payments-service/pkg/kafka/consumer.go:65.7,66.69 1 0
payments-service/pkg/kafka/consumer.go:66.69,68.5 1 0
payments-service/pkg/kafka/consumer.go:69.4,69.24 1 0
payments-service/pkg/kafka/consumer.go:69.24,71.5 1 0
payments-service/pkg/kafka/consumer.go:76.2,79.9 3 0
payments-service/pkg/kafka/consumer.go:80.20,81.44 1 0
payments-service/pkg/kafka/consumer.go:82.17,84.11 2 0
payments-service/pkg/kafka/consumer.go:87.2,88.27 2 0
payments-service/pkg/kafka/consumer.go:92.73,94.2 1 0
payments-service/pkg/kafka/consumer.go:96.75,98.2 1 0
payments-service/pkg/kafka/consumer.go:100.121,101.6 1 0
payments-service/pkg/kafka/consumer.go:101.6,102.10 1 0
payments-service/pkg/kafka/consumer.go:103.38,104.22 1 0
payments-service/pkg/kafka/consumer.go:104.22,106.5 1 0
payments-service/pkg/kafka/consumer.go:108.4,109.64 2 0
payments-service/pkg/kafka/consumer.go:109.64,112.13 3 0
payments-service/pkg/kafka/consumer.go:115.4,115.67 1 0
payments-service/pkg/kafka/consumer.go:115.67,116.64 1 0
payments-service/pkg/kafka/consumer.go:116.64,118.6 1 0
payments-service/pkg/kafka/consumer.go:118.11,120.6 1 0
payments-service/pkg/kafka/consumer.go:121.10,123.5 1 0
payments-service/pkg/kafka/consumer.go:125.4,125.36 1 0
payments-service/pkg/kafka/consumer.go:127.35,128.14 1 0
payments-service/pkg/kafka/producer.go:23.55,31.16 7 0
payments-service/pkg/kafka/producer.go:31.16,33.3 1 0
payments-service/pkg/kafka/producer.go:35.2,35.43 1 0
payments-service/pkg/kafka/producer.go:38.87,40.16 2 0
payments-service/pkg/kafka/producer.go:40.16,42.3 1 0
payments-service/pkg/kafka/producer.go:44.2,51.16 3 0
payments-service/pkg/kafka/producer.go:51.16,53.3 1 0
payments-service/pkg/kafka/producer.go:55.2,56.12 2 0
payments-service/pkg/kafka/producer.go:59.34,61.2 1 0
payments-service/internal/domain/inbox/inbox_message.go:31.97,33.16 2 1
payments-service/internal/domain/inbox/inbox_message.go:33.16,35.3 1 0
payments-service/internal/domain/inbox/inbox_message.go:37.2,47.8 1 1
payments-service/internal/domain/inbox/inbox_message.go:50.42,55.2 4 1
payments-service/internal/domain/inbox/inbox_message.go:57.39,61.2 3 1
payments-service/internal/domain/inbox/inbox_message.go:63.40,65.2 1 1
payments-service/internal/domain/inbox/inbox_message.go:67.43,69.2 1 1
payments-service/internal/domain/inbox/inbox_message.go:71.40,73.2 1 1
payments-service/internal/domain/inbox/inbox_message.go:75.41,77.2 1 1
payments-service/internal/application/service/account_service.go:17.82,21.2 1 1
payments-service/internal/application/service/account_service.go:23.87,25.16 2 1
payments-service/internal/application/service/account_service.go:25.16,28.3 2 0
payments-service/internal/application/service/account_service.go:30.2,33.16 3 1
payments-service/internal/application/service/account_service.go:33.16,36.3 2 0
payments-service/internal/application/service/account_service.go:38.2,38.54 1 1
payments-service/internal/application/service/account_service.go:38.54,41.3 2 1
payments-service/internal/application/service/account_service.go:43.2,44.17 2 1
payments-service/internal/application/service/account_service.go:47.117,49.16 2 1
payments-service/internal/application/service/account_service.go:49.16,52.3 2 0
payments-service/internal/application/service/account_service.go:54.2,54.43 1 1
payments-service/internal/application/service/account_service.go:54.43,57.3 2 0
payments-service/internal/application/service/account_service.go:59.2,59.55 1 1
payments-service/internal/application/service/account_service.go:59.55,62.3 2 0
payments-service/internal/application/service/account_service.go:64.2,65.17 2 1
payments-service/internal/application/service/account_service.go:68.103,70.16 2 1
payments-service/internal/application/service/account_service.go:70.16,73.3 2 0
payments-service/internal/application/service/account_service.go:75.2,76.17 2 1
payments-service/internal/application/service/payments_service.go:44.20,56.2 1 1
payments-service/internal/application/service/payments_service.go:58.108,60.74 2 1
payments-service/internal/application/service/payments_service.go:60.74,62.3 1 0
payments-service/internal/application/service/payments_service.go:64.2,68.16 3 1
payments-service/internal/application/service/payments_service.go:68.16,70.3 1 0
payments-service/internal/application/service/payments_service.go:71.2,75.16 4 1
payments-service/internal/application/service/payments_service.go:75.16,76.123 1 1
payments-service/internal/application/service/payments_service.go:76.123,78.18 2 1
payments-service/internal/application/service/payments_service.go:78.18,80.5 1 0
payments-service/internal/application/service/payments_service.go:82.4,82.71 1 1
payments-service/internal/application/service/payments_service.go:82.71,84.5 1 0
payments-service/internal/application/service/payments_service.go:85.4,85.63 1 1
payments-service/internal/application/service/payments_service.go:86.9,88.4 1 0
payments-service/internal/application/service/payments_service.go:89.8,92.3 2 1
payments-service/internal/application/service/payments_service.go:94.2,95.16 2 1
payments-service/internal/application/service/payments_service.go:95.16,97.3 1 0
payments-service/internal/application/service/payments_service.go:99.2,99.17 1 1
payments-service/internal/application/service/payments_service.go:99.17,100.37 1 1
payments-service/internal/application/service/payments_service.go:100.37,102.4 1 0
payments-service/internal/application/service/payments_service.go:103.3,104.78 2 1
payments-service/internal/application/service/payments_service.go:107.2,108.13 2 1
payments-service/internal/application/service/payments_service.go:108.13,112.71 3 1
payments-service/internal/application/service/payments_service.go:112.71,114.4 1 0
payments-service/internal/application/service/payments_service.go:116.3,126.17 3 1
payments-service/internal/application/service/payments_service.go:126.17,128.4 1 0
payments-service/internal/application/service/payments_service.go:130.3,131.17 2 1
payments-service/internal/application/service/payments_service.go:131.17,133.4 1 0
payments-service/internal/application/service/payments_service.go:135.3,135.106 1 1
payments-service/internal/application/service/payments_service.go:136.8,139.71 2 1
payments-service/internal/application/service/payments_service.go:139.71,141.4 1 0
payments-service/internal/application/service/payments_service.go:143.3,153.17 3 1
payments-service/internal/application/service/payments_service.go:153.17,155.4 1 0
payments-service/internal/application/service/payments_service.go:157.3,158.17 2 1
payments-service/internal/application/service/payments_service.go:158.17,160.4 1 0
payments-service/internal/application/service/payments_service.go:162.3,162.81 1 1
payments-service/internal/application/service/payments_service.go:165.2,165.73 1 1
payments-service/internal/application/service/payments_service.go:165.73,167.3 1 0
payments-service/internal/application/service/payments_service.go:169.2,169.36 1 1
payments-service/internal/application/service/payments_service.go:169.36,171.3 1 0
payments-service/internal/application/service/payments_service.go:173.2,174.12 2 1
payments-service/internal/application/service/payments_service.go:179.130,180.26 1 1
payments-service/internal/application/service/payments_service.go:180.26,182.3 1 1
payments-service/internal/application/service/payments_service.go:184.2,185.16 2 1
payments-service/internal/application/service/payments_service.go:185.16,186.27 1 0
payments-service/internal/application/service/payments_service.go:186.27,188.4 1 0
payments-service/internal/application/service/payments_service.go:189.3,189.86 1 0
payments-service/internal/application/service/payments_service.go:192.2,192.45 1 1
payments-service/internal/application/service/payments_service.go:192.45,194.3 1 1
payments-service/internal/application/service/payments_service.go:196.2,196.50 1 1
payments-service/internal/application/service/payments_service.go:196.50,198.3 1 0
payments-service/internal/application/service/payments_service.go:200.2,200.65 1 1
payments-service/internal/application/service/payments_service.go:200.65,202.3 1 0
payments-service/internal/application/service/payments_service.go:204.2,207.29 2 1
payments-service/internal/application/service/payments_service.go:210.111,212.2 1 0
payments-service/internal/application/service/payments_service.go:214.108,216.2 1 0
payments-service/internal/application/service/payments_service.go:218.127,220.16 2 0
payments-service/internal/application/service/payments_service.go:220.16,222.3 1 0
payments-service/internal/application/service/payments_service.go:224.2,224.24 1 0
payments-service/internal/application/service/payments_service.go:224.24,225.52 1 0
payments-service/internal/application/service/payments_service.go:225.52,227.4 1 0
payments-service/internal/application/service/payments_service.go:230.2,230.54 1 0
payments-service/internal/application/service/payments_service.go:230.54,232.3 1 0
payments-service/internal/application/service/payments_service.go:234.2,234.17 1 0
payments-service/internal/application/service/payments_service.go:237.108,239.2 1 0
payments-service/internal/domain/account/account.go:18.50,20.16 2 1
payments-service/internal/domain/account/account.go:20.16,22.3 1 0
payments-service/internal/domain/account/account.go:24.2,30.8 1 1
payments-service/internal/domain/account/account.go:33.48,34.17 1 1
payments-service/internal/domain/account/account.go:34.17,36.3 1 1
payments-service/internal/domain/account/account.go:38.2,40.12 3 1
payments-service/internal/domain/account/account.go:43.47,44.17 1 1
payments-service/internal/domain/account/account.go:44.17,46.3 1 1
payments-service/internal/domain/account/account.go:48.2,48.24 1 1
payments-service/internal/domain/account/account.go:48.24,50.3 1 1
payments-service/internal/domain/account/account.go:52.2,54.12 3 1
payments-service/internal/domain/account/account.go:57.59,59.2 1 1
payments-service/internal/domain/outbox/outbox_message.go:30.90,32.16 2 1
payments-service/internal/domain/outbox/outbox_message.go:32.16,34.3 1 0
payments-service/internal/domain/outbox/outbox_message.go:36.2,45.8 1 1
payments-service/internal/domain/outbox/outbox_message.go:48.38,53.2 4 1
payments-service/internal/domain/outbox/outbox_message.go:55.40,59.2 3 1
payments-service/internal/domain/outbox/outbox_message.go:61.41,63.2 1 1
payments-service/internal/domain/outbox/outbox_message.go:65.39,67.2 1 1
payments-service/internal/domain/outbox/outbox_message.go:69.41,71.2 1 1
payments-service/internal/domain/outbox/outbox_message.go:73.42,75.2 1 1
payments-service/internal/domain/payments/payment.go:30.92,32.16 2 1
payments-service/internal/domain/payments/payment.go:32.16,34.3 1 0
payments-service/internal/domain/payments/payment.go:36.2,45.8 1 1
payments-service/internal/domain/payments/payment.go:48.50,52.2 3 1
payments-service/internal/domain/payments/payment.go:54.45,58.2 3 1
payments-service/internal/domain/payments/payment.go:60.38,62.2 1 1
payments-service/internal/domain/payments/payment.go:64.35,66.2 1 1
payments-service/internal/domain/payments/payment.go:68.36,70.2 1 1
payments-service/internal/domain/payments/payment.go:72.37,74.2 1 1
payments-service/pkg/random/random.go:14.44,16.2 1 1
payments-service/pkg/random/random.go:18.43,19.12 1 1
payments-service/pkg/random/random.go:19.12,21.3 1 1
payments-service/pkg/random/random.go:23.2,24.16 2 1
payments-service/pkg/random/random.go:24.16,26.3 1 0
payments-service/pkg/random/random.go:28.2,28.26 1 1
